<?xml version="1.0" encoding="UTF-8"?>
<!-- Generated by org.testng.reporters.JUnitReportReporter -->
<testsuite skipped="0" hostname="LIM-PC" name="com.vikas.fw.TestRunnerwithTestNG" tests="1" failures="0" timestamp="12 Nov 2019 09:52:37 GMT" time="16.272" errors="0">
  <testcase name="feature" time="16.272" classname="com.vikas.fw.TestRunnerwithTestNG"/>
</testsuite> <!-- com.vikas.fw.TestRunnerwithTestNG -->
